<?xml version="1.0" encoding="UTF-8"?>
<testng-results skipped="0" failed="0" total="1" passed="1">
  <reporter-output>
  </reporter-output>
  <suite name="Default suite" duration-ms="46655" started-at="2024-11-27T12:20:39Z" finished-at="2024-11-27T12:21:26Z">
    <groups>
    </groups>
    <test name="Default test" duration-ms="46655" started-at="2024-11-27T12:20:39Z" finished-at="2024-11-27T12:21:26Z">
      <class name="Testing.Demo">
        <test-method status="PASS" signature="test1()[pri:0, instance:Testing.Demo@59f99ea]" name="test1" duration-ms="46655" started-at="2024-11-27T17:50:39Z" finished-at="2024-11-27T17:51:26Z">
          <reporter-output>
          </reporter-output>
        </test-method> <!-- test1 -->
      </class> <!-- Testing.Demo -->
    </test> <!-- Default test -->
  </suite> <!-- Default suite -->
</testng-results>
